2025-07-10T20:14:59.703Z [INFO] Tesla Inventory Tracker başlatılıyor...
2025-07-10T20:14:59.704Z [INFO] Tesla TR Model Y envanteri kontrol ediliyor...
2025-07-10T20:14:59.704Z [INFO] TR market deneniyor... (Deneme 1/3)
2025-07-10T20:14:59.704Z [INFO] API Request: https://www.tesla.com/inventory/api/v4/inventory-results?query=%7B%22query%22%3A%7B%22language%22%3A%22tr%22%2C%22market%22%3A%22TR%22%2C%22model%22%3A%22my%22%2C%22condition%22%3A%22new%22%2C%22arrangeby%22%3A%22Price%22%2C%22order%22%3A%22asc%22%7D%2C%22count%22%3A24%2C%22outsideOffset%22%3A0%2C%22outsideSearch%22%3Atrue%7D
2025-07-10T20:14:59.794Z [INFO] API Response Status: 403 Forbidden
2025-07-10T20:14:59.795Z [ERROR] API Error Response: <HTML><HEAD>
<TITLE>Access Denied</TITLE>
</HEAD><BODY>
<H1>Access Denied</H1>
 
You don't have permission to access "http&#58;&#47;&#47;www&#46;tesla&#46;com&#47;inventory&#47;api&#47;v4&#47;inventor
2025-07-10T20:14:59.795Z [ERROR] Fetcher error: TR market blocked (403) - will retry with backoff
2025-07-10T20:15:00.798Z [INFO] API Request: https://www.tesla.com/inventory/api/v4/inventory-results?query=%7B%22query%22%3A%7B%22language%22%3A%22tr%22%2C%22market%22%3A%22TR%22%2C%22model%22%3A%22my%22%2C%22condition%22%3A%22new%22%2C%22arrangeby%22%3A%22Price%22%2C%22order%22%3A%22asc%22%7D%2C%22count%22%3A24%2C%22outsideOffset%22%3A0%2C%22outsideSearch%22%3Atrue%7D
2025-07-10T20:15:00.866Z [INFO] API Response Status: 403 Forbidden
2025-07-10T20:15:00.868Z [ERROR] API Error Response: <HTML><HEAD>
<TITLE>Access Denied</TITLE>
</HEAD><BODY>
<H1>Access Denied</H1>
 
You don't have permission to access "http&#58;&#47;&#47;www&#46;tesla&#46;com&#47;inventory&#47;api&#47;v4&#47;inventor
2025-07-10T20:15:00.869Z [ERROR] Fetcher error: TR market blocked (403) - will retry with backoff
2025-07-10T20:15:00.882Z [INFO] SIGINT sinyali alındı...
2025-07-10T20:15:00.883Z [INFO] Tesla Inventory Tracker durduruluyor...
2025-07-10T20:15:01.266Z [INFO] Telegram mesajı gönderildi: Tesla Bot Durduruldu
2025-07-10T20:15:03.684Z [INFO] Tesla Inventory Tracker başlatılıyor...
2025-07-10T20:15:03.685Z [INFO] Tesla TR Model Y envanteri kontrol ediliyor...
2025-07-10T20:15:03.685Z [INFO] TR market deneniyor... (Deneme 1/3)
2025-07-10T20:15:03.685Z [INFO] API Request: https://www.tesla.com/inventory/api/v4/inventory-results?query=%7B%22query%22%3A%7B%22language%22%3A%22tr%22%2C%22market%22%3A%22TR%22%2C%22model%22%3A%22my%22%2C%22condition%22%3A%22new%22%2C%22arrangeby%22%3A%22Price%22%2C%22order%22%3A%22asc%22%7D%2C%22count%22%3A24%2C%22outsideOffset%22%3A0%2C%22outsideSearch%22%3Atrue%7D
2025-07-10T20:15:03.772Z [INFO] API Response Status: 403 Forbidden
2025-07-10T20:15:03.773Z [ERROR] API Error Response: <HTML><HEAD>
<TITLE>Access Denied</TITLE>
</HEAD><BODY>
<H1>Access Denied</H1>
 
You don't have permission to access "http&#58;&#47;&#47;www&#46;tesla&#46;com&#47;inventory&#47;api&#47;v4&#47;inventor
2025-07-10T20:15:03.774Z [ERROR] Fetcher error: TR market blocked (403) - will retry with backoff
2025-07-10T20:15:04.775Z [INFO] API Request: https://www.tesla.com/inventory/api/v4/inventory-results?query=%7B%22query%22%3A%7B%22language%22%3A%22tr%22%2C%22market%22%3A%22TR%22%2C%22model%22%3A%22my%22%2C%22condition%22%3A%22new%22%2C%22arrangeby%22%3A%22Price%22%2C%22order%22%3A%22asc%22%7D%2C%22count%22%3A24%2C%22outsideOffset%22%3A0%2C%22outsideSearch%22%3Atrue%7D
2025-07-10T20:15:04.852Z [INFO] API Response Status: 403 Forbidden
2025-07-10T20:15:04.854Z [ERROR] API Error Response: <HTML><HEAD>
<TITLE>Access Denied</TITLE>
</HEAD><BODY>
<H1>Access Denied</H1>
 
You don't have permission to access "http&#58;&#47;&#47;www&#46;tesla&#46;com&#47;inventory&#47;api&#47;v4&#47;inventor
2025-07-10T20:15:04.854Z [ERROR] Fetcher error: TR market blocked (403) - will retry with backoff
2025-07-10T20:15:06.856Z [INFO] API Request: https://www.tesla.com/inventory/api/v4/inventory-results?query=%7B%22query%22%3A%7B%22language%22%3A%22tr%22%2C%22market%22%3A%22TR%22%2C%22model%22%3A%22my%22%2C%22condition%22%3A%22new%22%2C%22arrangeby%22%3A%22Price%22%2C%22order%22%3A%22asc%22%7D%2C%22count%22%3A24%2C%22outsideOffset%22%3A0%2C%22outsideSearch%22%3Atrue%7D
2025-07-10T20:15:06.936Z [INFO] API Response Status: 403 Forbidden
2025-07-10T20:15:06.937Z [ERROR] API Error Response: <HTML><HEAD>
<TITLE>Access Denied</TITLE>
</HEAD><BODY>
<H1>Access Denied</H1>
 
You don't have permission to access "http&#58;&#47;&#47;www&#46;tesla&#46;com&#47;inventory&#47;api&#47;v4&#47;inventor
2025-07-10T20:15:06.937Z [ERROR] Fetcher error: TR market blocked (403) - will retry with backoff
2025-07-10T20:15:06.937Z [WARN] TR market deneme 1 başarısız: TR market blocked (403) - will retry with backoff
2025-07-10T20:15:06.937Z [INFO] TR retry için 5000ms bekleniyor...
2025-07-10T20:15:07.530Z [INFO] SIGINT sinyali alındı...
2025-07-10T20:15:07.531Z [INFO] Tesla Inventory Tracker durduruluyor...
2025-07-10T20:15:07.872Z [INFO] Telegram mesajı gönderildi: Tesla Bot Durduruldu
